<?xml version="1.0" encoding="UTF-8" ?>
<testsuite errors="1" failures="0" hostname="LAPTOP-1TOV4OPU" name="BarriereTest" skipped="0" tests="1" time="0.0" timestamp="2019-06-21T12:35:26">
  <properties>
[...]
</properties>
  <error message="BarriereTest" type="java.lang.ClassNotFoundException">java.lang.ClassNotFoundException: BarriereTest
	at java.net.URLClassLoader.findClass(Unknown Source)
	at java.lang.ClassLoader.loadClass(Unknown Source)
	at sun.misc.Launcher$AppClassLoader.loadClass(Unknown Source)
	at java.lang.ClassLoader.loadClass(Unknown Source)
	at java.lang.Class.forName0(Native Method)
	at java.lang.Class.forName(Unknown Source)
</error>
  <system-out><![CDATA[]]></system-out>
  <system-err><![CDATA[]]></system-err>
</testsuite>
